{"E:\\Test_Projects\\David_OCR\\client\\src\\vite-env.d.ts": {"path":"E:\\Test_Projects\\David_OCR\\client\\src\\vite-env.d.ts","all":true,"statementMap":{},"s":{},"branchMap":{"0":{"type":"branch","line":1,"loc":{"start":{"line":1,"column":37},"end":{"line":1,"column":37}},"locations":[{"start":{"line":1,"column":37},"end":{"line":1,"column":37}}]}},"b":{"0":[1]},"fnMap":{"0":{"name":"(empty-report)","decl":{"start":{"line":1,"column":37},"end":{"line":1,"column":37}},"loc":{"start":{"line":1,"column":37},"end":{"line":1,"column":37}},"line":1}},"f":{"0":1}}
,"E:\\Test_Projects\\David_OCR\\client\\src\\Components\\ImgPreview.tsx": {"path":"E:\\Test_Projects\\David_OCR\\client\\src\\Components\\ImgPreview.tsx","all":false,"statementMap":{"0":{"start":{"line":1,"column":0},"end":{"line":1,"column":41}},"1":{"start":{"line":2,"column":0},"end":{"line":2,"column":44}},"3":{"start":{"line":4,"column":0},"end":{"line":4,"column":21}},"4":{"start":{"line":5,"column":0},"end":{"line":5,"column":13}},"5":{"start":{"line":6,"column":0},"end":{"line":6,"column":4}},"7":{"start":{"line":8,"column":0},"end":{"line":8,"column":7}},"8":{"start":{"line":9,"column":0},"end":{"line":9,"column":58}},"10":{"start":{"line":11,"column":0},"end":{"line":11,"column":19}},"11":{"start":{"line":12,"column":0},"end":{"line":12,"column":34}},"12":{"start":{"line":13,"column":0},"end":{"line":13,"column":19}},"14":{"start":{"line":15,"column":0},"end":{"line":15,"column":10}},"15":{"start":{"line":16,"column":0},"end":{"line":16,"column":8}},"16":{"start":{"line":17,"column":0},"end":{"line":17,"column":24}},"17":{"start":{"line":18,"column":0},"end":{"line":18,"column":14}},"18":{"start":{"line":19,"column":0},"end":{"line":19,"column":24}},"19":{"start":{"line":20,"column":0},"end":{"line":20,"column":35}},"20":{"start":{"line":21,"column":0},"end":{"line":21,"column":46}},"21":{"start":{"line":22,"column":0},"end":{"line":22,"column":38}},"22":{"start":{"line":23,"column":0},"end":{"line":23,"column":34}},"23":{"start":{"line":24,"column":0},"end":{"line":24,"column":33}},"24":{"start":{"line":25,"column":0},"end":{"line":25,"column":29}},"25":{"start":{"line":26,"column":0},"end":{"line":26,"column":8}},"27":{"start":{"line":28,"column":0},"end":{"line":28,"column":10}},"28":{"start":{"line":29,"column":0},"end":{"line":29,"column":16}},"29":{"start":{"line":30,"column":0},"end":{"line":30,"column":27}},"30":{"start":{"line":31,"column":0},"end":{"line":31,"column":25}},"31":{"start":{"line":32,"column":0},"end":{"line":32,"column":56}},"32":{"start":{"line":33,"column":0},"end":{"line":33,"column":10}},"33":{"start":{"line":34,"column":0},"end":{"line":34,"column":7}},"35":{"start":{"line":36,"column":0},"end":{"line":36,"column":12}},"36":{"start":{"line":37,"column":0},"end":{"line":37,"column":10}},"38":{"start":{"line":39,"column":0},"end":{"line":39,"column":2}},"40":{"start":{"line":41,"column":0},"end":{"line":41,"column":26}}},"s":{"0":1,"1":1,"3":1,"4":3,"5":3,"7":3,"8":3,"10":3,"11":2,"12":3,"14":3,"15":3,"16":3,"17":3,"18":3,"19":3,"20":3,"21":3,"22":3,"23":3,"24":3,"25":3,"27":3,"28":3,"29":3,"30":3,"31":3,"32":3,"33":3,"35":3,"36":3,"38":3,"40":1},"branchMap":{"0":{"type":"branch","line":4,"loc":{"start":{"line":4,"column":19},"end":{"line":39,"column":2}},"locations":[{"start":{"line":4,"column":19},"end":{"line":39,"column":2}}]},"1":{"type":"branch","line":32,"loc":{"start":{"line":32,"column":22},"end":{"line":32,"column":46}},"locations":[{"start":{"line":32,"column":22},"end":{"line":32,"column":46}}]},"2":{"type":"branch","line":32,"loc":{"start":{"line":32,"column":37},"end":{"line":32,"column":53}},"locations":[{"start":{"line":32,"column":37},"end":{"line":32,"column":53}}]},"3":{"type":"branch","line":11,"loc":{"start":{"line":11,"column":12},"end":{"line":13,"column":5}},"locations":[{"start":{"line":11,"column":12},"end":{"line":13,"column":5}}]}},"b":{"0":[3],"1":[1],"2":[2],"3":[2]},"fnMap":{"0":{"name":"ImgPreview","decl":{"start":{"line":4,"column":19},"end":{"line":39,"column":2}},"loc":{"start":{"line":4,"column":19},"end":{"line":39,"column":2}},"line":4}},"f":{"0":3}}
,"E:\\Test_Projects\\David_OCR\\client\\src\\Components\\TextDisplay.tsx": {"path":"E:\\Test_Projects\\David_OCR\\client\\src\\Components\\TextDisplay.tsx","all":false,"statementMap":{"0":{"start":{"line":1,"column":0},"end":{"line":1,"column":37}},"1":{"start":{"line":2,"column":0},"end":{"line":2,"column":53}},"2":{"start":{"line":3,"column":0},"end":{"line":3,"column":10}},"3":{"start":{"line":4,"column":0},"end":{"line":4,"column":6}},"4":{"start":{"line":5,"column":0},"end":{"line":5,"column":20}},"5":{"start":{"line":6,"column":0},"end":{"line":6,"column":14}},"6":{"start":{"line":7,"column":0},"end":{"line":7,"column":24}},"7":{"start":{"line":8,"column":0},"end":{"line":8,"column":28}},"8":{"start":{"line":9,"column":0},"end":{"line":9,"column":25}},"9":{"start":{"line":10,"column":0},"end":{"line":10,"column":33}},"10":{"start":{"line":11,"column":0},"end":{"line":11,"column":29}},"11":{"start":{"line":12,"column":0},"end":{"line":12,"column":8}},"13":{"start":{"line":14,"column":0},"end":{"line":14,"column":12}},"14":{"start":{"line":15,"column":0},"end":{"line":15,"column":8}},"16":{"start":{"line":17,"column":0},"end":{"line":17,"column":2}},"18":{"start":{"line":19,"column":0},"end":{"line":19,"column":27}}},"s":{"0":1,"1":1,"2":1,"3":1,"4":1,"5":1,"6":1,"7":1,"8":1,"9":1,"10":1,"11":1,"13":1,"14":1,"16":1,"18":1},"branchMap":{"0":{"type":"branch","line":2,"loc":{"start":{"line":2,"column":20},"end":{"line":17,"column":2}},"locations":[{"start":{"line":2,"column":20},"end":{"line":17,"column":2}}]}},"b":{"0":[1]},"fnMap":{"0":{"name":"TextDisplay","decl":{"start":{"line":2,"column":20},"end":{"line":17,"column":2}},"loc":{"start":{"line":2,"column":20},"end":{"line":17,"column":2}},"line":2}},"f":{"0":1}}
,"E:\\Test_Projects\\David_OCR\\client\\src\\Components\\Common\\Loader.tsx": {"path":"E:\\Test_Projects\\David_OCR\\client\\src\\Components\\Common\\Loader.tsx","all":false,"statementMap":{"0":{"start":{"line":1,"column":0},"end":{"line":1,"column":88}},"1":{"start":{"line":2,"column":0},"end":{"line":2,"column":55}},"2":{"start":{"line":3,"column":0},"end":{"line":3,"column":10}},"3":{"start":{"line":4,"column":0},"end":{"line":4,"column":16}},"4":{"start":{"line":5,"column":0},"end":{"line":5,"column":10}},"5":{"start":{"line":6,"column":0},"end":{"line":6,"column":22}},"6":{"start":{"line":7,"column":0},"end":{"line":7,"column":44}},"7":{"start":{"line":8,"column":0},"end":{"line":8,"column":16}},"8":{"start":{"line":9,"column":0},"end":{"line":9,"column":28}},"9":{"start":{"line":10,"column":0},"end":{"line":10,"column":40}},"10":{"start":{"line":11,"column":0},"end":{"line":11,"column":25}},"11":{"start":{"line":12,"column":0},"end":{"line":12,"column":26}},"14":{"start":{"line":15,"column":0},"end":{"line":15,"column":23}},"17":{"start":{"line":18,"column":0},"end":{"line":18,"column":26}},"18":{"start":{"line":19,"column":0},"end":{"line":19,"column":31}},"19":{"start":{"line":20,"column":0},"end":{"line":20,"column":32}},"20":{"start":{"line":21,"column":0},"end":{"line":21,"column":11}},"21":{"start":{"line":22,"column":0},"end":{"line":22,"column":34}},"22":{"start":{"line":23,"column":0},"end":{"line":23,"column":12}},"25":{"start":{"line":26,"column":0},"end":{"line":26,"column":2}},"27":{"start":{"line":28,"column":0},"end":{"line":28,"column":22}}},"s":{"0":1,"1":1,"2":2,"3":2,"4":1,"5":1,"6":1,"7":1,"8":1,"9":1,"10":1,"11":1,"14":1,"17":1,"18":1,"19":1,"20":1,"21":1,"22":1,"25":2,"27":1},"branchMap":{"0":{"type":"branch","line":2,"loc":{"start":{"line":2,"column":15},"end":{"line":26,"column":2}},"locations":[{"start":{"line":2,"column":15},"end":{"line":26,"column":2}}]},"1":{"type":"branch","line":4,"loc":{"start":{"line":4,"column":4},"end":{"line":23,"column":12}},"locations":[{"start":{"line":4,"column":4},"end":{"line":23,"column":12}}]}},"b":{"0":[2],"1":[1]},"fnMap":{"0":{"name":"Loader","decl":{"start":{"line":2,"column":15},"end":{"line":26,"column":2}},"loc":{"start":{"line":2,"column":15},"end":{"line":26,"column":2}},"line":2},"1":{"name":"onClick","decl":{"start":{"line":7,"column":17},"end":{"line":7,"column":44}},"loc":{"start":{"line":7,"column":17},"end":{"line":7,"column":44}},"line":7}},"f":{"0":2,"1":0}}
,"E:\\Test_Projects\\David_OCR\\client\\src\\Components\\ImageInput\\ImageInput.tsx": {"path":"E:\\Test_Projects\\David_OCR\\client\\src\\Components\\ImageInput\\ImageInput.tsx","all":false,"statementMap":{"0":{"start":{"line":1,"column":0},"end":{"line":1,"column":50}},"1":{"start":{"line":2,"column":0},"end":{"line":2,"column":46}},"2":{"start":{"line":3,"column":0},"end":{"line":3,"column":56}},"3":{"start":{"line":4,"column":0},"end":{"line":4,"column":50}},"6":{"start":{"line":7,"column":0},"end":{"line":7,"column":21}},"7":{"start":{"line":8,"column":0},"end":{"line":8,"column":10}},"8":{"start":{"line":9,"column":0},"end":{"line":9,"column":13}},"9":{"start":{"line":10,"column":0},"end":{"line":10,"column":16}},"10":{"start":{"line":11,"column":0},"end":{"line":11,"column":10}},"11":{"start":{"line":12,"column":0},"end":{"line":12,"column":4}},"18":{"start":{"line":19,"column":0},"end":{"line":19,"column":7}},"19":{"start":{"line":20,"column":0},"end":{"line":20,"column":10}},"20":{"start":{"line":21,"column":0},"end":{"line":21,"column":6}},"21":{"start":{"line":22,"column":0},"end":{"line":22,"column":12}},"22":{"start":{"line":23,"column":0},"end":{"line":23,"column":26}},"23":{"start":{"line":24,"column":0},"end":{"line":24,"column":19}},"24":{"start":{"line":25,"column":0},"end":{"line":25,"column":24}},"25":{"start":{"line":26,"column":0},"end":{"line":26,"column":20}},"26":{"start":{"line":27,"column":0},"end":{"line":27,"column":18}},"27":{"start":{"line":28,"column":0},"end":{"line":28,"column":35}},"28":{"start":{"line":29,"column":0},"end":{"line":29,"column":32}},"29":{"start":{"line":30,"column":0},"end":{"line":30,"column":84}},"30":{"start":{"line":31,"column":0},"end":{"line":31,"column":27}},"32":{"start":{"line":33,"column":0},"end":{"line":33,"column":67}},"33":{"start":{"line":34,"column":0},"end":{"line":34,"column":44}},"35":{"start":{"line":36,"column":0},"end":{"line":36,"column":44}},"36":{"start":{"line":37,"column":0},"end":{"line":37,"column":37}},"37":{"start":{"line":38,"column":0},"end":{"line":38,"column":53}},"38":{"start":{"line":39,"column":0},"end":{"line":39,"column":30}},"39":{"start":{"line":40,"column":0},"end":{"line":40,"column":24}},"40":{"start":{"line":41,"column":0},"end":{"line":41,"column":27}},"41":{"start":{"line":42,"column":0},"end":{"line":42,"column":22}},"42":{"start":{"line":43,"column":0},"end":{"line":43,"column":16}},"43":{"start":{"line":44,"column":0},"end":{"line":44,"column":14}},"45":{"start":{"line":46,"column":0},"end":{"line":46,"column":94}},"46":{"start":{"line":47,"column":0},"end":{"line":47,"column":13}},"47":{"start":{"line":48,"column":0},"end":{"line":48,"column":10}},"48":{"start":{"line":49,"column":0},"end":{"line":49,"column":8}},"49":{"start":{"line":50,"column":0},"end":{"line":50,"column":12}},"50":{"start":{"line":51,"column":0},"end":{"line":51,"column":23}},"51":{"start":{"line":52,"column":0},"end":{"line":52,"column":16}},"52":{"start":{"line":53,"column":0},"end":{"line":53,"column":51}},"53":{"start":{"line":54,"column":0},"end":{"line":54,"column":10}},"54":{"start":{"line":55,"column":0},"end":{"line":55,"column":7}},"56":{"start":{"line":57,"column":0},"end":{"line":57,"column":14}},"57":{"start":{"line":58,"column":0},"end":{"line":58,"column":7}},"59":{"start":{"line":60,"column":0},"end":{"line":60,"column":2}},"61":{"start":{"line":62,"column":0},"end":{"line":62,"column":26}}},"s":{"0":1,"1":1,"2":1,"3":1,"6":1,"7":2,"8":2,"9":2,"10":2,"11":2,"18":2,"19":2,"20":2,"21":2,"22":2,"23":2,"24":2,"25":2,"26":2,"27":2,"28":2,"29":2,"30":1,"32":1,"33":1,"35":1,"36":1,"37":1,"38":1,"39":1,"40":1,"41":1,"42":1,"43":1,"45":1,"46":1,"47":2,"48":2,"49":2,"50":2,"51":2,"52":2,"53":2,"54":2,"56":2,"57":2,"59":2,"61":1},"branchMap":{"0":{"type":"branch","line":7,"loc":{"start":{"line":7,"column":19},"end":{"line":60,"column":2}},"locations":[{"start":{"line":7,"column":19},"end":{"line":60,"column":2}}]},"1":{"type":"branch","line":53,"loc":{"start":{"line":53,"column":29},"end":{"line":53,"column":51}},"locations":[{"start":{"line":53,"column":29},"end":{"line":53,"column":51}}]},"2":{"type":"branch","line":29,"loc":{"start":{"line":29,"column":18},"end":{"line":48,"column":10}},"locations":[{"start":{"line":29,"column":18},"end":{"line":48,"column":10}}]},"3":{"type":"branch","line":30,"loc":{"start":{"line":30,"column":55},"end":{"line":47,"column":13}},"locations":[{"start":{"line":30,"column":55},"end":{"line":47,"column":13}}]},"4":{"type":"branch","line":33,"loc":{"start":{"line":33,"column":44},"end":{"line":47,"column":11}},"locations":[{"start":{"line":33,"column":44},"end":{"line":47,"column":11}}]},"5":{"type":"branch","line":36,"loc":{"start":{"line":36,"column":31},"end":{"line":44,"column":14}},"locations":[{"start":{"line":36,"column":31},"end":{"line":44,"column":14}}]}},"b":{"0":[2],"1":[0],"2":[2],"3":[1],"4":[1],"5":[1]},"fnMap":{"0":{"name":"ImageInput","decl":{"start":{"line":7,"column":19},"end":{"line":60,"column":2}},"loc":{"start":{"line":7,"column":19},"end":{"line":60,"column":2}},"line":7},"1":{"name":"onChange","decl":{"start":{"line":29,"column":18},"end":{"line":48,"column":10}},"loc":{"start":{"line":29,"column":18},"end":{"line":48,"column":10}},"line":29},"2":{"name":"reader.onloadend","decl":{"start":{"line":36,"column":31},"end":{"line":44,"column":14}},"loc":{"start":{"line":36,"column":31},"end":{"line":44,"column":14}},"line":36}},"f":{"0":2,"1":2,"2":1}}
,"E:\\Test_Projects\\David_OCR\\client\\src\\Components\\ImageInput\\Utils\\compressImage.ts": {"path":"E:\\Test_Projects\\David_OCR\\client\\src\\Components\\ImageInput\\Utils\\compressImage.ts","all":false,"statementMap":{"0":{"start":{"line":1,"column":0},"end":{"line":1,"column":38}},"3":{"start":{"line":4,"column":0},"end":{"line":4,"column":75}},"4":{"start":{"line":5,"column":0},"end":{"line":5,"column":24}},"5":{"start":{"line":6,"column":0},"end":{"line":6,"column":17}},"6":{"start":{"line":7,"column":0},"end":{"line":7,"column":27}},"7":{"start":{"line":8,"column":0},"end":{"line":8,"column":21}},"8":{"start":{"line":9,"column":0},"end":{"line":9,"column":5}},"10":{"start":{"line":11,"column":0},"end":{"line":11,"column":29}}},"s":{"0":1,"3":1,"4":1,"5":1,"6":1,"7":1,"8":1,"10":1},"branchMap":{"0":{"type":"branch","line":4,"loc":{"start":{"line":4,"column":22},"end":{"line":9,"column":5}},"locations":[{"start":{"line":4,"column":22},"end":{"line":9,"column":5}}]}},"b":{"0":[1]},"fnMap":{"0":{"name":"compressImage","decl":{"start":{"line":4,"column":22},"end":{"line":9,"column":5}},"loc":{"start":{"line":4,"column":22},"end":{"line":9,"column":5}},"line":4}},"f":{"0":1}}
,"E:\\Test_Projects\\David_OCR\\client\\src\\Components\\ImageInput\\Utils\\imgToBase64.ts": {"path":"E:\\Test_Projects\\David_OCR\\client\\src\\Components\\ImageInput\\Utils\\imgToBase64.ts","all":false,"statementMap":{"1":{"start":{"line":2,"column":0},"end":{"line":2,"column":77}}},"s":{"1":1},"branchMap":{"0":{"type":"branch","line":2,"loc":{"start":{"line":2,"column":15},"end":{"line":2,"column":77}},"locations":[{"start":{"line":2,"column":15},"end":{"line":2,"column":77}}]}},"b":{"0":[3]},"fnMap":{"0":{"name":"__vite_ssr_exports__.default","decl":{"start":{"line":2,"column":15},"end":{"line":2,"column":77}},"loc":{"start":{"line":2,"column":15},"end":{"line":2,"column":77}},"line":2}},"f":{"0":3}}
,"E:\\Test_Projects\\David_OCR\\client\\src\\Components\\ImageInput\\Utils\\sendImgToBackend.ts": {"path":"E:\\Test_Projects\\David_OCR\\client\\src\\Components\\ImageInput\\Utils\\sendImgToBackend.ts","all":false,"statementMap":{"0":{"start":{"line":1,"column":0},"end":{"line":1,"column":42}},"1":{"start":{"line":2,"column":0},"end":{"line":2,"column":39}},"4":{"start":{"line":5,"column":0},"end":{"line":5,"column":22}},"5":{"start":{"line":6,"column":0},"end":{"line":6,"column":20}},"6":{"start":{"line":7,"column":0},"end":{"line":7,"column":32}},"9":{"start":{"line":10,"column":0},"end":{"line":10,"column":56}},"10":{"start":{"line":11,"column":0},"end":{"line":11,"column":60}},"11":{"start":{"line":12,"column":0},"end":{"line":12,"column":20}},"12":{"start":{"line":13,"column":0},"end":{"line":13,"column":6}},"13":{"start":{"line":14,"column":0},"end":{"line":14,"column":62}},"14":{"start":{"line":15,"column":0},"end":{"line":15,"column":7}},"15":{"start":{"line":16,"column":0},"end":{"line":16,"column":73}},"16":{"start":{"line":17,"column":0},"end":{"line":17,"column":23}},"17":{"start":{"line":18,"column":0},"end":{"line":18,"column":7}},"20":{"start":{"line":21,"column":0},"end":{"line":21,"column":33}},"21":{"start":{"line":22,"column":0},"end":{"line":22,"column":30}},"22":{"start":{"line":23,"column":0},"end":{"line":23,"column":28}},"24":{"start":{"line":25,"column":0},"end":{"line":25,"column":75}},"25":{"start":{"line":26,"column":0},"end":{"line":26,"column":20}},"26":{"start":{"line":27,"column":0},"end":{"line":27,"column":20}},"27":{"start":{"line":28,"column":0},"end":{"line":28,"column":7}},"30":{"start":{"line":31,"column":0},"end":{"line":31,"column":24}},"31":{"start":{"line":32,"column":0},"end":{"line":32,"column":16}},"32":{"start":{"line":33,"column":0},"end":{"line":33,"column":13}},"34":{"start":{"line":35,"column":0},"end":{"line":35,"column":22}},"35":{"start":{"line":36,"column":0},"end":{"line":36,"column":3}},"36":{"start":{"line":37,"column":0},"end":{"line":37,"column":2}}},"s":{"0":1,"1":1,"4":1,"5":2,"6":2,"9":2,"10":2,"11":2,"12":2,"13":2,"14":2,"15":2,"16":2,"17":2,"20":1,"21":1,"22":1,"24":1,"25":1,"26":1,"27":1,"30":1,"31":1,"32":2,"34":2,"35":2,"36":2},"branchMap":{"0":{"type":"branch","line":5,"loc":{"start":{"line":5,"column":15},"end":{"line":37,"column":2}},"locations":[{"start":{"line":5,"column":15},"end":{"line":37,"column":2}}]},"1":{"type":"branch","line":18,"loc":{"start":{"line":18,"column":5},"end":{"line":33,"column":4}},"locations":[{"start":{"line":18,"column":5},"end":{"line":33,"column":4}}]}},"b":{"0":[2],"1":[1]},"fnMap":{"0":{"name":"__vite_ssr_exports__.default","decl":{"start":{"line":5,"column":15},"end":{"line":37,"column":2}},"loc":{"start":{"line":5,"column":15},"end":{"line":37,"column":2}},"line":5}},"f":{"0":2}}
,"E:\\Test_Projects\\David_OCR\\client\\src\\Components\\ImageInput\\Utils\\validateImage.ts": {"path":"E:\\Test_Projects\\David_OCR\\client\\src\\Components\\ImageInput\\Utils\\validateImage.ts","all":false,"statementMap":{"0":{"start":{"line":1,"column":0},"end":{"line":1,"column":39}},"3":{"start":{"line":4,"column":0},"end":{"line":4,"column":39}},"5":{"start":{"line":6,"column":0},"end":{"line":6,"column":14}},"7":{"start":{"line":8,"column":0},"end":{"line":8,"column":10}},"8":{"start":{"line":9,"column":0},"end":{"line":9,"column":85}},"9":{"start":{"line":10,"column":0},"end":{"line":10,"column":7}},"10":{"start":{"line":11,"column":0},"end":{"line":11,"column":22}},"11":{"start":{"line":12,"column":0},"end":{"line":12,"column":22}},"12":{"start":{"line":13,"column":0},"end":{"line":13,"column":8}},"13":{"start":{"line":14,"column":0},"end":{"line":14,"column":6}},"14":{"start":{"line":15,"column":0},"end":{"line":15,"column":55}},"15":{"start":{"line":16,"column":0},"end":{"line":16,"column":3}},"18":{"start":{"line":19,"column":0},"end":{"line":19,"column":37}},"19":{"start":{"line":20,"column":0},"end":{"line":20,"column":65}},"20":{"start":{"line":21,"column":0},"end":{"line":21,"column":20}},"21":{"start":{"line":22,"column":0},"end":{"line":22,"column":20}},"22":{"start":{"line":23,"column":0},"end":{"line":23,"column":7}},"23":{"start":{"line":24,"column":0},"end":{"line":24,"column":55}},"24":{"start":{"line":25,"column":0},"end":{"line":25,"column":3}},"25":{"start":{"line":26,"column":0},"end":{"line":26,"column":53}},"26":{"start":{"line":27,"column":0},"end":{"line":27,"column":2}},"28":{"start":{"line":29,"column":0},"end":{"line":29,"column":29}}},"s":{"0":1,"3":1,"5":3,"7":1,"8":1,"9":1,"10":1,"11":1,"12":1,"13":1,"14":1,"15":1,"18":3,"19":1,"20":1,"21":1,"22":1,"23":1,"24":1,"25":1,"26":1,"28":1},"branchMap":{"0":{"type":"branch","line":4,"loc":{"start":{"line":4,"column":22},"end":{"line":27,"column":2}},"locations":[{"start":{"line":4,"column":22},"end":{"line":27,"column":2}}]},"1":{"type":"branch","line":6,"loc":{"start":{"line":6,"column":13},"end":{"line":16,"column":3}},"locations":[{"start":{"line":6,"column":13},"end":{"line":16,"column":3}}]},"2":{"type":"branch","line":16,"loc":{"start":{"line":16,"column":2},"end":{"line":19,"column":36}},"locations":[{"start":{"line":16,"column":2},"end":{"line":19,"column":36}}]},"3":{"type":"branch","line":19,"loc":{"start":{"line":19,"column":36},"end":{"line":27,"column":2}},"locations":[{"start":{"line":19,"column":36},"end":{"line":27,"column":2}}]}},"b":{"0":[3],"1":[1],"2":[2],"3":[1]},"fnMap":{"0":{"name":"validateImage","decl":{"start":{"line":4,"column":22},"end":{"line":27,"column":2}},"loc":{"start":{"line":4,"column":22},"end":{"line":27,"column":2}},"line":4}},"f":{"0":3}}
}
